<?xml version="1.0" encoding="UTF-8"?>
<!-- Generated by org.testng.reporters.JUnitXMLReporter -->
<testsuite hostname="DESKTOP-6P9AFJM" name="Default test" tests="3" failures="0" timestamp="21 Jun 2021 06:46:06 GMT" time="15.129" errors="0">
  <testcase name="login" time="7.696" classname="restassuredDemo.ECommerceRestTesting"/>
  <testcase name="getAllUser" time="4.113" classname="restassuredDemo.ECommerceRestTesting"/>
  <testcase name="deleteUser" time="3.297" classname="restassuredDemo.ECommerceRestTesting"/>
</testsuite> <!-- Default test -->
