<?xml version="1.0" encoding="UTF-8"?>
<testng-results skipped="0" failed="0" total="3" passed="3">
  <reporter-output>
  </reporter-output>
  <suite name="Default suite" duration-ms="15129" started-at="2021-06-21T06:45:51Z" finished-at="2021-06-21T06:46:06Z">
    <groups>
    </groups>
    <test name="Default test" duration-ms="15129" started-at="2021-06-21T06:45:51Z" finished-at="2021-06-21T06:46:06Z">
      <class name="restassuredDemo.ECommerceRestTesting">
        <test-method status="PASS" signature="login()[pri:0, instance:restassuredDemo.ECommerceRestTesting@1ee9faa]" name="login" duration-ms="7696" started-at="2021-06-21T12:15:51Z" finished-at="2021-06-21T12:15:58Z">
          <reporter-output>
          </reporter-output>
        </test-method> <!-- login -->
        <test-method status="PASS" signature="getAllUser()[pri:1, instance:restassuredDemo.ECommerceRestTesting@1ee9faa]" name="getAllUser" duration-ms="4113" started-at="2021-06-21T12:15:58Z" finished-at="2021-06-21T12:16:02Z">
          <reporter-output>
          </reporter-output>
        </test-method> <!-- getAllUser -->
        <test-method status="PASS" signature="deleteUser()[pri:2, instance:restassuredDemo.ECommerceRestTesting@1ee9faa]" name="deleteUser" duration-ms="3297" started-at="2021-06-21T12:16:02Z" finished-at="2021-06-21T12:16:06Z">
          <reporter-output>
          </reporter-output>
        </test-method> <!-- deleteUser -->
      </class> <!-- restassuredDemo.ECommerceRestTesting -->
    </test> <!-- Default test -->
  </suite> <!-- Default suite -->
</testng-results>
